AH00558: apache2: Could not reliably determine the server's fully qualified domain name, using 172.29.0.2. Set the 'ServerName' directive globally to suppress this message
[Mon Nov 07 13:01:03.870236 2022] [mpm_prefork:notice] [pid 1] AH00163: Apache/2.4.54 (Debian) PHP/8.1.12 configured -- resuming normal operations
[Mon Nov 07 13:01:03.870394 2022] [core:notice] [pid 1] AH00094: Command line: 'apache2 -D FOREGROUND'
AH00558: apache2: Could not reliably determine the server's fully qualified domain name, using 172.29.0.3. Set the 'ServerName' directive globally to suppress this message
[Tue Nov 08 06:54:13.551709 2022] [mpm_prefork:notice] [pid 1] AH00163: Apache/2.4.54 (Debian) PHP/8.1.12 configured -- resuming normal operations
[Tue Nov 08 06:54:13.551866 2022] [core:notice] [pid 1] AH00094: Command line: 'apache2 -D FOREGROUND'
AH00558: apache2: Could not reliably determine the server's fully qualified domain name, using 172.29.0.3. Set the 'ServerName' directive globally to suppress this message
[Tue Nov 08 17:35:31.409132 2022] [mpm_prefork:notice] [pid 1] AH00163: Apache/2.4.54 (Debian) PHP/8.1.12 configured -- resuming normal operations
[Tue Nov 08 17:35:31.409310 2022] [core:notice] [pid 1] AH00094: Command line: 'apache2 -D FOREGROUND'
[Wed Nov 09 07:10:33.117499 2022] [mpm_prefork:notice] [pid 1] AH00170: caught SIGWINCH, shutting down gracefully
AH00558: apache2: Could not reliably determine the server's fully qualified domain name, using 172.19.0.4. Set the 'ServerName' directive globally to suppress this message
[Wed Nov 09 09:10:26.412543 2022] [mpm_prefork:notice] [pid 1] AH00163: Apache/2.4.54 (Debian) PHP/8.1.12 configured -- resuming normal operations
[Wed Nov 09 09:10:26.412749 2022] [core:notice] [pid 1] AH00094: Command line: 'apache2 -D FOREGROUND'
[Wed Nov 09 13:01:27.225536 2022] [mpm_prefork:notice] [pid 1] AH00170: caught SIGWINCH, shutting down gracefully
AH00558: apache2: Could not reliably determine the server's fully qualified domain name, using 172.20.0.4. Set the 'ServerName' directive globally to suppress this message
[Wed Nov 16 06:59:41.845709 2022] [mpm_prefork:notice] [pid 1] AH00163: Apache/2.4.54 (Debian) PHP/8.1.12 configured -- resuming normal operations
[Wed Nov 16 06:59:41.845883 2022] [core:notice] [pid 1] AH00094: Command line: 'apache2 -D FOREGROUND'
[Wed Nov 16 07:11:51.261593 2022] [mpm_prefork:notice] [pid 1] AH00170: caught SIGWINCH, shutting down gracefully
AH00558: apache2: Could not reliably determine the server's fully qualified domain name, using 172.20.0.4. Set the 'ServerName' directive globally to suppress this message
[Wed Nov 16 07:13:52.560442 2022] [mpm_prefork:notice] [pid 1] AH00163: Apache/2.4.54 (Debian) PHP/8.1.12 configured -- resuming normal operations
[Wed Nov 16 07:13:52.562951 2022] [core:notice] [pid 1] AH00094: Command line: 'apache2 -D FOREGROUND'
[Wed Nov 16 07:14:21.066955 2022] [mpm_prefork:notice] [pid 1] AH00170: caught SIGWINCH, shutting down gracefully
AH00558: apache2: Could not reliably determine the server's fully qualified domain name, using 172.20.0.3. Set the 'ServerName' directive globally to suppress this message
[Wed Nov 16 07:51:13.217497 2022] [mpm_prefork:notice] [pid 1] AH00163: Apache/2.4.54 (Debian) PHP/8.1.12 configured -- resuming normal operations
[Wed Nov 16 07:51:13.217751 2022] [core:notice] [pid 1] AH00094: Command line: 'apache2 -D FOREGROUND'
[Wed Nov 16 09:58:51.924197 2022] [mpm_prefork:notice] [pid 1] AH00170: caught SIGWINCH, shutting down gracefully
AH00558: apache2: Could not reliably determine the server's fully qualified domain name, using 172.20.0.4. Set the 'ServerName' directive globally to suppress this message
[Wed Nov 16 11:58:02.038301 2022] [mpm_prefork:notice] [pid 1] AH00163: Apache/2.4.54 (Debian) PHP/8.1.12 configured -- resuming normal operations
[Wed Nov 16 11:58:02.038881 2022] [core:notice] [pid 1] AH00094: Command line: 'apache2 -D FOREGROUND'
[Wed Nov 16 13:28:15.038921 2022] [mpm_prefork:notice] [pid 1] AH00170: caught SIGWINCH, shutting down gracefully
AH00558: apache2: Could not reliably determine the server's fully qualified domain name, using 172.20.0.4. Set the 'ServerName' directive globally to suppress this message
[Thu Nov 17 06:57:25.344951 2022] [mpm_prefork:notice] [pid 1] AH00163: Apache/2.4.54 (Debian) PHP/8.1.12 configured -- resuming normal operations
[Thu Nov 17 06:57:25.345271 2022] [core:notice] [pid 1] AH00094: Command line: 'apache2 -D FOREGROUND'
[Thu Nov 17 14:27:28.425561 2022] [mpm_prefork:notice] [pid 1] AH00170: caught SIGWINCH, shutting down gracefully
AH00558: apache2: Could not reliably determine the server's fully qualified domain name, using 172.20.0.4. Set the 'ServerName' directive globally to suppress this message
[Fri Nov 18 09:29:55.551529 2022] [mpm_prefork:notice] [pid 1] AH00163: Apache/2.4.54 (Debian) PHP/8.1.12 configured -- resuming normal operations
[Fri Nov 18 09:29:55.551677 2022] [core:notice] [pid 1] AH00094: Command line: 'apache2 -D FOREGROUND'
[Fri Nov 18 10:57:59.306114 2022] [mpm_prefork:notice] [pid 1] AH00169: caught SIGTERM, shutting down
AH00558: apache2: Could not reliably determine the server's fully qualified domain name, using 172.20.0.2. Set the 'ServerName' directive globally to suppress this message
[Sat Nov 19 06:43:41.563604 2022] [mpm_prefork:notice] [pid 1] AH00163: Apache/2.4.54 (Debian) PHP/8.1.12 configured -- resuming normal operations
[Sat Nov 19 06:43:41.563785 2022] [core:notice] [pid 1] AH00094: Command line: 'apache2 -D FOREGROUND'
[Sat Nov 19 08:52:54.538950 2022] [mpm_prefork:notice] [pid 1] AH00170: caught SIGWINCH, shutting down gracefully
AH00558: apache2: Could not reliably determine the server's fully qualified domain name, using 172.20.0.4. Set the 'ServerName' directive globally to suppress this message
[Sun Nov 20 06:36:40.906927 2022] [mpm_prefork:notice] [pid 1] AH00163: Apache/2.4.54 (Debian) PHP/8.1.12 configured -- resuming normal operations
[Sun Nov 20 06:36:40.907123 2022] [core:notice] [pid 1] AH00094: Command line: 'apache2 -D FOREGROUND'
[Sun Nov 20 07:01:27.456191 2022] [mpm_prefork:notice] [pid 1] AH00170: caught SIGWINCH, shutting down gracefully
AH00558: apache2: Could not reliably determine the server's fully qualified domain name, using 172.20.0.4. Set the 'ServerName' directive globally to suppress this message
[Sun Nov 20 09:41:43.392744 2022] [mpm_prefork:notice] [pid 1] AH00163: Apache/2.4.54 (Debian) PHP/8.1.12 configured -- resuming normal operations
[Sun Nov 20 09:41:43.392991 2022] [core:notice] [pid 1] AH00094: Command line: 'apache2 -D FOREGROUND'
[Sun Nov 20 10:05:52.918378 2022] [mpm_prefork:notice] [pid 1] AH00170: caught SIGWINCH, shutting down gracefully
AH00558: apache2: Could not reliably determine the server's fully qualified domain name, using 172.20.0.4. Set the 'ServerName' directive globally to suppress this message
[Sun Nov 20 11:16:21.312553 2022] [mpm_prefork:notice] [pid 1] AH00163: Apache/2.4.54 (Debian) PHP/8.1.12 configured -- resuming normal operations
[Sun Nov 20 11:16:21.312688 2022] [core:notice] [pid 1] AH00094: Command line: 'apache2 -D FOREGROUND'
[Sun Nov 20 11:25:25.375250 2022] [mpm_prefork:notice] [pid 1] AH00170: caught SIGWINCH, shutting down gracefully
AH00558: apache2: Could not reliably determine the server's fully qualified domain name, using 172.19.0.3. Set the 'ServerName' directive globally to suppress this message
[Sun Nov 20 11:33:30.606272 2022] [mpm_prefork:notice] [pid 1] AH00163: Apache/2.4.54 (Debian) PHP/8.1.12 configured -- resuming normal operations
[Sun Nov 20 11:33:30.607013 2022] [core:notice] [pid 1] AH00094: Command line: 'apache2 -D FOREGROUND'
AH00558: apache2: Could not reliably determine the server's fully qualified domain name, using 172.19.0.2. Set the 'ServerName' directive globally to suppress this message
[Mon Nov 21 05:55:35.568268 2022] [mpm_prefork:notice] [pid 1] AH00163: Apache/2.4.54 (Debian) PHP/8.1.12 configured -- resuming normal operations
[Mon Nov 21 05:55:35.568472 2022] [core:notice] [pid 1] AH00094: Command line: 'apache2 -D FOREGROUND'
AH00558: apache2: Could not reliably determine the server's fully qualified domain name, using 172.19.0.2. Set the 'ServerName' directive globally to suppress this message
[Tue Nov 22 05:58:47.730032 2022] [mpm_prefork:notice] [pid 1] AH00163: Apache/2.4.54 (Debian) PHP/8.1.12 configured -- resuming normal operations
[Tue Nov 22 05:58:47.730188 2022] [core:notice] [pid 1] AH00094: Command line: 'apache2 -D FOREGROUND'
[Tue Nov 22 13:51:47.733352 2022] [mpm_prefork:notice] [pid 1] AH00169: caught SIGTERM, shutting down
AH00558: apache2: Could not reliably determine the server's fully qualified domain name, using 172.19.0.2. Set the 'ServerName' directive globally to suppress this message
[Wed Nov 23 06:22:32.927402 2022] [mpm_prefork:notice] [pid 1] AH00163: Apache/2.4.54 (Debian) PHP/8.1.12 configured -- resuming normal operations
[Wed Nov 23 06:22:32.927600 2022] [core:notice] [pid 1] AH00094: Command line: 'apache2 -D FOREGROUND'
AH00558: apache2: Could not reliably determine the server's fully qualified domain name, using 172.19.0.2. Set the 'ServerName' directive globally to suppress this message
[Thu Nov 24 06:19:47.667121 2022] [mpm_prefork:notice] [pid 1] AH00163: Apache/2.4.54 (Debian) PHP/8.1.12 configured -- resuming normal operations
[Thu Nov 24 06:19:47.668454 2022] [core:notice] [pid 1] AH00094: Command line: 'apache2 -D FOREGROUND'
AH00558: apache2: Could not reliably determine the server's fully qualified domain name, using 172.19.0.3. Set the 'ServerName' directive globally to suppress this message
[Sat Nov 26 07:36:16.918062 2022] [mpm_prefork:notice] [pid 1] AH00163: Apache/2.4.54 (Debian) PHP/8.1.12 configured -- resuming normal operations
[Sat Nov 26 07:36:16.922897 2022] [core:notice] [pid 1] AH00094: Command line: 'apache2 -D FOREGROUND'
AH00558: apache2: Could not reliably determine the server's fully qualified domain name, using 172.19.0.3. Set the 'ServerName' directive globally to suppress this message
[Sun Nov 27 06:23:14.760009 2022] [mpm_prefork:notice] [pid 1] AH00163: Apache/2.4.54 (Debian) PHP/8.1.12 configured -- resuming normal operations
[Sun Nov 27 06:23:14.760582 2022] [core:notice] [pid 1] AH00094: Command line: 'apache2 -D FOREGROUND'
[Sun Nov 27 13:22:47.115266 2022] [mpm_prefork:notice] [pid 1] AH00170: caught SIGWINCH, shutting down gracefully
AH00558: apache2: Could not reliably determine the server's fully qualified domain name, using 172.19.0.3. Set the 'ServerName' directive globally to suppress this message
[Mon Nov 28 10:04:56.510333 2022] [mpm_prefork:notice] [pid 1] AH00163: Apache/2.4.54 (Debian) PHP/8.1.12 configured -- resuming normal operations
[Mon Nov 28 10:04:56.510617 2022] [core:notice] [pid 1] AH00094: Command line: 'apache2 -D FOREGROUND'
AH00558: apache2: Could not reliably determine the server's fully qualified domain name, using 172.19.0.2. Set the 'ServerName' directive globally to suppress this message
[Tue Nov 29 06:28:52.855241 2022] [mpm_prefork:notice] [pid 1] AH00163: Apache/2.4.54 (Debian) PHP/8.1.12 configured -- resuming normal operations
[Tue Nov 29 06:28:52.855500 2022] [core:notice] [pid 1] AH00094: Command line: 'apache2 -D FOREGROUND'
AH00558: apache2: Could not reliably determine the server's fully qualified domain name, using 172.19.0.4. Set the 'ServerName' directive globally to suppress this message
[Wed Nov 30 06:46:11.612104 2022] [mpm_prefork:notice] [pid 1] AH00163: Apache/2.4.54 (Debian) PHP/8.1.12 configured -- resuming normal operations
[Wed Nov 30 06:46:11.612329 2022] [core:notice] [pid 1] AH00094: Command line: 'apache2 -D FOREGROUND'
AH00558: apache2: Could not reliably determine the server's fully qualified domain name, using 172.19.0.3. Set the 'ServerName' directive globally to suppress this message
[Fri Dec 02 10:55:45.224793 2022] [mpm_prefork:notice] [pid 1] AH00163: Apache/2.4.54 (Debian) PHP/8.1.12 configured -- resuming normal operations
[Fri Dec 02 10:55:45.230877 2022] [core:notice] [pid 1] AH00094: Command line: 'apache2 -D FOREGROUND'
[Fri Dec 02 14:10:58.842195 2022] [mpm_prefork:notice] [pid 1] AH00169: caught SIGTERM, shutting down
AH00558: apache2: Could not reliably determine the server's fully qualified domain name, using 172.19.0.2. Set the 'ServerName' directive globally to suppress this message
[Sat Dec 03 08:18:47.600821 2022] [mpm_prefork:notice] [pid 1] AH00163: Apache/2.4.54 (Debian) PHP/8.1.12 configured -- resuming normal operations
[Sat Dec 03 08:18:47.600971 2022] [core:notice] [pid 1] AH00094: Command line: 'apache2 -D FOREGROUND'
AH00558: apache2: Could not reliably determine the server's fully qualified domain name, using 172.19.0.3. Set the 'ServerName' directive globally to suppress this message
[Sun Dec 04 06:54:22.557803 2022] [mpm_prefork:notice] [pid 1] AH00163: Apache/2.4.54 (Debian) PHP/8.1.12 configured -- resuming normal operations
[Sun Dec 04 06:54:22.557916 2022] [core:notice] [pid 1] AH00094: Command line: 'apache2 -D FOREGROUND'
AH00558: apache2: Could not reliably determine the server's fully qualified domain name, using 172.19.0.2. Set the 'ServerName' directive globally to suppress this message
[Tue Dec 06 08:35:56.011976 2022] [mpm_prefork:notice] [pid 1] AH00163: Apache/2.4.54 (Debian) PHP/8.1.12 configured -- resuming normal operations
[Tue Dec 06 08:35:56.014266 2022] [core:notice] [pid 1] AH00094: Command line: 'apache2 -D FOREGROUND'
AH00558: apache2: Could not reliably determine the server's fully qualified domain name, using 172.19.0.4. Set the 'ServerName' directive globally to suppress this message
[Tue Dec 06 10:50:27.201705 2022] [mpm_prefork:notice] [pid 1] AH00163: Apache/2.4.54 (Debian) PHP/8.1.12 configured -- resuming normal operations
[Tue Dec 06 10:50:27.210262 2022] [core:notice] [pid 1] AH00094: Command line: 'apache2 -D FOREGROUND'
[Tue Dec 06 10:52:22.118095 2022] [mpm_prefork:notice] [pid 1] AH00170: caught SIGWINCH, shutting down gracefully
AH00558: apache2: Could not reliably determine the server's fully qualified domain name, using 172.19.0.4. Set the 'ServerName' directive globally to suppress this message
[Tue Dec 06 10:52:27.483533 2022] [mpm_prefork:notice] [pid 1] AH00163: Apache/2.4.54 (Debian) PHP/8.1.12 configured -- resuming normal operations
[Tue Dec 06 10:52:27.483733 2022] [core:notice] [pid 1] AH00094: Command line: 'apache2 -D FOREGROUND'
AH00558: apache2: Could not reliably determine the server's fully qualified domain name, using 172.19.0.2. Set the 'ServerName' directive globally to suppress this message
[Sat Dec 10 10:00:28.417526 2022] [mpm_prefork:notice] [pid 1] AH00163: Apache/2.4.54 (Debian) PHP/8.1.12 configured -- resuming normal operations
[Sat Dec 10 10:00:28.418094 2022] [core:notice] [pid 1] AH00094: Command line: 'apache2 -D FOREGROUND'
AH00558: apache2: Could not reliably determine the server's fully qualified domain name, using 172.19.0.3. Set the 'ServerName' directive globally to suppress this message
[Mon Dec 12 07:57:55.147852 2022] [mpm_prefork:notice] [pid 1] AH00163: Apache/2.4.54 (Debian) PHP/8.1.12 configured -- resuming normal operations
[Mon Dec 12 07:57:55.152480 2022] [core:notice] [pid 1] AH00094: Command line: 'apache2 -D FOREGROUND'
[Mon Dec 12 09:56:43.587405 2022] [mpm_prefork:notice] [pid 1] AH00169: caught SIGTERM, shutting down
AH00558: apache2: Could not reliably determine the server's fully qualified domain name, using 172.19.0.3. Set the 'ServerName' directive globally to suppress this message
[Tue Dec 13 16:08:50.237938 2022] [mpm_prefork:notice] [pid 1] AH00163: Apache/2.4.54 (Debian) PHP/8.1.12 configured -- resuming normal operations
[Tue Dec 13 16:08:50.245186 2022] [core:notice] [pid 1] AH00094: Command line: 'apache2 -D FOREGROUND'
AH00558: apache2: Could not reliably determine the server's fully qualified domain name, using 172.19.0.2. Set the 'ServerName' directive globally to suppress this message
[Thu Dec 15 12:00:11.676175 2022] [mpm_prefork:notice] [pid 1] AH00163: Apache/2.4.54 (Debian) PHP/8.1.12 configured -- resuming normal operations
[Thu Dec 15 12:00:11.676311 2022] [core:notice] [pid 1] AH00094: Command line: 'apache2 -D FOREGROUND'
[Fri Dec 16 06:39:57.332849 2022] [mpm_prefork:notice] [pid 1] AH00170: caught SIGWINCH, shutting down gracefully
AH00558: apache2: Could not reliably determine the server's fully qualified domain name, using 172.19.0.4. Set the 'ServerName' directive globally to suppress this message
[Sun Dec 18 06:37:34.389854 2022] [mpm_prefork:notice] [pid 1] AH00163: Apache/2.4.54 (Debian) PHP/8.1.12 configured -- resuming normal operations
[Sun Dec 18 06:37:34.392066 2022] [core:notice] [pid 1] AH00094: Command line: 'apache2 -D FOREGROUND'
AH00558: apache2: Could not reliably determine the server's fully qualified domain name, using 172.19.0.3. Set the 'ServerName' directive globally to suppress this message
[Sun Dec 18 09:52:05.218284 2022] [mpm_prefork:notice] [pid 1] AH00163: Apache/2.4.54 (Debian) PHP/8.1.12 configured -- resuming normal operations
[Sun Dec 18 09:52:05.220429 2022] [core:notice] [pid 1] AH00094: Command line: 'apache2 -D FOREGROUND'
AH00558: apache2: Could not reliably determine the server's fully qualified domain name, using 172.19.0.3. Set the 'ServerName' directive globally to suppress this message
[Mon Dec 19 09:44:10.647902 2022] [mpm_prefork:notice] [pid 1] AH00163: Apache/2.4.54 (Debian) PHP/8.1.12 configured -- resuming normal operations
[Mon Dec 19 09:44:10.662609 2022] [core:notice] [pid 1] AH00094: Command line: 'apache2 -D FOREGROUND'
AH00558: apache2: Could not reliably determine the server's fully qualified domain name, using 172.19.0.4. Set the 'ServerName' directive globally to suppress this message
[Tue Dec 20 07:01:54.710879 2022] [mpm_prefork:notice] [pid 1] AH00163: Apache/2.4.54 (Debian) PHP/8.1.12 configured -- resuming normal operations
[Tue Dec 20 07:01:54.711579 2022] [core:notice] [pid 1] AH00094: Command line: 'apache2 -D FOREGROUND'
[Tue Dec 20 07:02:55.454598 2022] [mpm_prefork:notice] [pid 1] AH00170: caught SIGWINCH, shutting down gracefully
AH00558: apache2: Could not reliably determine the server's fully qualified domain name, using 172.19.0.4. Set the 'ServerName' directive globally to suppress this message
[Wed Dec 21 06:03:03.657204 2022] [mpm_prefork:notice] [pid 1] AH00163: Apache/2.4.54 (Debian) PHP/8.1.12 configured -- resuming normal operations
[Wed Dec 21 06:03:03.659628 2022] [core:notice] [pid 1] AH00094: Command line: 'apache2 -D FOREGROUND'
[Wed Dec 21 06:14:38.428137 2022] [mpm_prefork:notice] [pid 1] AH00170: caught SIGWINCH, shutting down gracefully
AH00558: apache2: Could not reliably determine the server's fully qualified domain name, using 172.19.0.4. Set the 'ServerName' directive globally to suppress this message
[Fri Dec 23 06:47:19.098192 2022] [mpm_prefork:notice] [pid 1] AH00163: Apache/2.4.54 (Debian) PHP/8.1.12 configured -- resuming normal operations
[Fri Dec 23 06:47:19.099209 2022] [core:notice] [pid 1] AH00094: Command line: 'apache2 -D FOREGROUND'
[Fri Dec 23 06:51:24.748801 2022] [mpm_prefork:notice] [pid 1] AH00170: caught SIGWINCH, shutting down gracefully
AH00558: apache2: Could not reliably determine the server's fully qualified domain name, using 172.19.0.4. Set the 'ServerName' directive globally to suppress this message
[Fri Dec 23 12:45:47.604857 2022] [mpm_prefork:notice] [pid 1] AH00163: Apache/2.4.54 (Debian) PHP/8.1.12 configured -- resuming normal operations
[Fri Dec 23 12:45:47.604998 2022] [core:notice] [pid 1] AH00094: Command line: 'apache2 -D FOREGROUND'
[Fri Dec 23 12:48:00.266253 2022] [mpm_prefork:notice] [pid 1] AH00170: caught SIGWINCH, shutting down gracefully
AH00558: apache2: Could not reliably determine the server's fully qualified domain name, using 172.19.0.4. Set the 'ServerName' directive globally to suppress this message
[Sun Dec 25 05:55:18.133068 2022] [mpm_prefork:notice] [pid 1] AH00163: Apache/2.4.54 (Debian) PHP/8.1.12 configured -- resuming normal operations
[Sun Dec 25 05:55:18.143584 2022] [core:notice] [pid 1] AH00094: Command line: 'apache2 -D FOREGROUND'
[Sun Dec 25 06:19:24.750682 2022] [mpm_prefork:notice] [pid 1] AH00170: caught SIGWINCH, shutting down gracefully
AH00558: apache2: Could not reliably determine the server's fully qualified domain name, using 172.19.0.4. Set the 'ServerName' directive globally to suppress this message
[Mon Dec 26 08:01:15.556179 2022] [mpm_prefork:notice] [pid 1] AH00163: Apache/2.4.54 (Debian) PHP/8.1.12 configured -- resuming normal operations
[Mon Dec 26 08:01:15.576389 2022] [core:notice] [pid 1] AH00094: Command line: 'apache2 -D FOREGROUND'
[Mon Dec 26 08:02:33.764535 2022] [mpm_prefork:notice] [pid 1] AH00170: caught SIGWINCH, shutting down gracefully
AH00558: apache2: Could not reliably determine the server's fully qualified domain name, using 172.19.0.3. Set the 'ServerName' directive globally to suppress this message
[Tue Dec 27 06:54:33.928578 2022] [mpm_prefork:notice] [pid 1] AH00163: Apache/2.4.54 (Debian) PHP/8.1.12 configured -- resuming normal operations
[Tue Dec 27 06:54:33.935329 2022] [core:notice] [pid 1] AH00094: Command line: 'apache2 -D FOREGROUND'
[Tue Dec 27 06:54:49.939618 2022] [mpm_prefork:notice] [pid 1] AH00170: caught SIGWINCH, shutting down gracefully
AH00558: apache2: Could not reliably determine the server's fully qualified domain name, using 172.19.0.4. Set the 'ServerName' directive globally to suppress this message
[Wed Dec 28 05:16:34.063840 2022] [mpm_prefork:notice] [pid 1] AH00163: Apache/2.4.54 (Debian) PHP/8.1.12 configured -- resuming normal operations
[Wed Dec 28 05:16:34.079944 2022] [core:notice] [pid 1] AH00094: Command line: 'apache2 -D FOREGROUND'
[Wed Dec 28 05:16:44.780403 2022] [mpm_prefork:notice] [pid 1] AH00170: caught SIGWINCH, shutting down gracefully
AH00558: apache2: Could not reliably determine the server's fully qualified domain name, using 172.19.0.4. Set the 'ServerName' directive globally to suppress this message
[Wed Dec 28 13:52:24.399842 2022] [mpm_prefork:notice] [pid 1] AH00163: Apache/2.4.54 (Debian) PHP/8.1.12 configured -- resuming normal operations
[Wed Dec 28 13:52:24.434042 2022] [core:notice] [pid 1] AH00094: Command line: 'apache2 -D FOREGROUND'
[Wed Dec 28 13:52:48.123859 2022] [mpm_prefork:notice] [pid 1] AH00170: caught SIGWINCH, shutting down gracefully
AH00558: apache2: Could not reliably determine the server's fully qualified domain name, using 172.19.0.3. Set the 'ServerName' directive globally to suppress this message
[Thu Dec 29 07:02:23.755577 2022] [mpm_prefork:notice] [pid 1] AH00163: Apache/2.4.54 (Debian) PHP/8.1.12 configured -- resuming normal operations
[Thu Dec 29 07:02:23.762130 2022] [core:notice] [pid 1] AH00094: Command line: 'apache2 -D FOREGROUND'
[Thu Dec 29 07:02:36.670423 2022] [mpm_prefork:notice] [pid 1] AH00170: caught SIGWINCH, shutting down gracefully
AH00558: apache2: Could not reliably determine the server's fully qualified domain name, using 172.19.0.4. Set the 'ServerName' directive globally to suppress this message
[Sun Jan 01 10:59:07.684984 2023] [mpm_prefork:notice] [pid 1] AH00163: Apache/2.4.54 (Debian) PHP/8.1.12 configured -- resuming normal operations
[Sun Jan 01 10:59:07.685495 2023] [core:notice] [pid 1] AH00094: Command line: 'apache2 -D FOREGROUND'
[Sun Jan 01 11:43:29.505348 2023] [mpm_prefork:notice] [pid 1] AH00170: caught SIGWINCH, shutting down gracefully
AH00558: apache2: Could not reliably determine the server's fully qualified domain name, using 172.19.0.4. Set the 'ServerName' directive globally to suppress this message
[Mon Jan 02 06:47:55.945725 2023] [mpm_prefork:notice] [pid 1] AH00163: Apache/2.4.54 (Debian) PHP/8.1.12 configured -- resuming normal operations
[Mon Jan 02 06:47:55.946428 2023] [core:notice] [pid 1] AH00094: Command line: 'apache2 -D FOREGROUND'
[Mon Jan 02 06:59:39.512624 2023] [mpm_prefork:notice] [pid 1] AH00170: caught SIGWINCH, shutting down gracefully
AH00558: apache2: Could not reliably determine the server's fully qualified domain name, using 172.19.0.4. Set the 'ServerName' directive globally to suppress this message
[Tue Jan 03 06:46:48.545090 2023] [mpm_prefork:notice] [pid 1] AH00163: Apache/2.4.54 (Debian) PHP/8.1.12 configured -- resuming normal operations
[Tue Jan 03 06:46:48.545797 2023] [core:notice] [pid 1] AH00094: Command line: 'apache2 -D FOREGROUND'
[Tue Jan 03 06:47:03.149974 2023] [mpm_prefork:notice] [pid 1] AH00170: caught SIGWINCH, shutting down gracefully
AH00558: apache2: Could not reliably determine the server's fully qualified domain name, using 172.19.0.4. Set the 'ServerName' directive globally to suppress this message
[Thu Jan 05 08:16:40.587606 2023] [mpm_prefork:notice] [pid 1] AH00163: Apache/2.4.54 (Debian) PHP/8.1.12 configured -- resuming normal operations
[Thu Jan 05 08:16:40.588824 2023] [core:notice] [pid 1] AH00094: Command line: 'apache2 -D FOREGROUND'
[Thu Jan 05 09:12:46.489309 2023] [mpm_prefork:notice] [pid 1] AH00170: caught SIGWINCH, shutting down gracefully
AH00558: apache2: Could not reliably determine the server's fully qualified domain name, using 172.19.0.4. Set the 'ServerName' directive globally to suppress this message
[Sun Jan 08 15:06:26.573997 2023] [mpm_prefork:notice] [pid 1] AH00163: Apache/2.4.54 (Debian) PHP/8.1.12 configured -- resuming normal operations
[Sun Jan 08 15:06:26.577208 2023] [core:notice] [pid 1] AH00094: Command line: 'apache2 -D FOREGROUND'
[Sun Jan 08 15:06:40.076368 2023] [mpm_prefork:notice] [pid 1] AH00170: caught SIGWINCH, shutting down gracefully
AH00558: apache2: Could not reliably determine the server's fully qualified domain name, using 172.19.0.4. Set the 'ServerName' directive globally to suppress this message
[Mon Jan 09 14:28:58.300716 2023] [mpm_prefork:notice] [pid 1] AH00163: Apache/2.4.54 (Debian) PHP/8.1.12 configured -- resuming normal operations
[Mon Jan 09 14:28:58.300897 2023] [core:notice] [pid 1] AH00094: Command line: 'apache2 -D FOREGROUND'
[Mon Jan 09 14:29:15.729846 2023] [mpm_prefork:notice] [pid 1] AH00170: caught SIGWINCH, shutting down gracefully
AH00558: apache2: Could not reliably determine the server's fully qualified domain name, using 172.19.0.4. Set the 'ServerName' directive globally to suppress this message
[Tue Jan 10 07:27:12.820300 2023] [mpm_prefork:notice] [pid 1] AH00163: Apache/2.4.54 (Debian) PHP/8.1.12 configured -- resuming normal operations
[Tue Jan 10 07:27:12.822421 2023] [core:notice] [pid 1] AH00094: Command line: 'apache2 -D FOREGROUND'
[Tue Jan 10 07:28:00.081225 2023] [mpm_prefork:notice] [pid 1] AH00170: caught SIGWINCH, shutting down gracefully
AH00558: apache2: Could not reliably determine the server's fully qualified domain name, using 172.19.0.4. Set the 'ServerName' directive globally to suppress this message
[Mon Jan 16 09:03:57.338319 2023] [mpm_prefork:notice] [pid 1] AH00163: Apache/2.4.54 (Debian) PHP/8.1.12 configured -- resuming normal operations
[Mon Jan 16 09:03:57.338807 2023] [core:notice] [pid 1] AH00094: Command line: 'apache2 -D FOREGROUND'
[Mon Jan 16 09:07:31.582727 2023] [mpm_prefork:notice] [pid 1] AH00170: caught SIGWINCH, shutting down gracefully
AH00558: apache2: Could not reliably determine the server's fully qualified domain name, using 172.19.0.4. Set the 'ServerName' directive globally to suppress this message
[Mon Jan 30 15:21:59.400542 2023] [mpm_prefork:notice] [pid 1] AH00163: Apache/2.4.54 (Debian) PHP/8.1.12 configured -- resuming normal operations
[Mon Jan 30 15:21:59.400835 2023] [core:notice] [pid 1] AH00094: Command line: 'apache2 -D FOREGROUND'
[Mon Jan 30 15:22:39.803977 2023] [mpm_prefork:notice] [pid 1] AH00170: caught SIGWINCH, shutting down gracefully
AH00558: apache2: Could not reliably determine the server's fully qualified domain name, using 172.19.0.4. Set the 'ServerName' directive globally to suppress this message
[Wed Feb 01 11:43:02.594034 2023] [mpm_prefork:notice] [pid 1] AH00163: Apache/2.4.54 (Debian) PHP/8.1.12 configured -- resuming normal operations
[Wed Feb 01 11:43:02.594292 2023] [core:notice] [pid 1] AH00094: Command line: 'apache2 -D FOREGROUND'
[Wed Feb 01 11:44:17.606110 2023] [mpm_prefork:notice] [pid 1] AH00170: caught SIGWINCH, shutting down gracefully
AH00558: apache2: Could not reliably determine the server's fully qualified domain name, using 172.19.0.4. Set the 'ServerName' directive globally to suppress this message
[Thu Feb 02 15:45:52.170447 2023] [mpm_prefork:notice] [pid 1] AH00163: Apache/2.4.54 (Debian) PHP/8.1.12 configured -- resuming normal operations
[Thu Feb 02 15:45:52.171002 2023] [core:notice] [pid 1] AH00094: Command line: 'apache2 -D FOREGROUND'
[Thu Feb 02 15:47:58.715131 2023] [mpm_prefork:notice] [pid 1] AH00170: caught SIGWINCH, shutting down gracefully
AH00558: apache2: Could not reliably determine the server's fully qualified domain name, using 172.19.0.4. Set the 'ServerName' directive globally to suppress this message
[Fri Feb 03 11:08:47.797452 2023] [mpm_prefork:notice] [pid 1] AH00163: Apache/2.4.54 (Debian) PHP/8.1.12 configured -- resuming normal operations
[Fri Feb 03 11:08:47.797822 2023] [core:notice] [pid 1] AH00094: Command line: 'apache2 -D FOREGROUND'
[Fri Feb 03 11:09:59.721153 2023] [mpm_prefork:notice] [pid 1] AH00170: caught SIGWINCH, shutting down gracefully
AH00558: apache2: Could not reliably determine the server's fully qualified domain name, using 172.19.0.4. Set the 'ServerName' directive globally to suppress this message
[Sun Feb 05 06:38:40.258632 2023] [mpm_prefork:notice] [pid 1] AH00163: Apache/2.4.54 (Debian) PHP/8.1.12 configured -- resuming normal operations
[Sun Feb 05 06:38:40.261454 2023] [core:notice] [pid 1] AH00094: Command line: 'apache2 -D FOREGROUND'
[Sun Feb 05 06:39:26.063028 2023] [mpm_prefork:notice] [pid 1] AH00170: caught SIGWINCH, shutting down gracefully
AH00558: apache2: Could not reliably determine the server's fully qualified domain name, using 172.19.0.4. Set the 'ServerName' directive globally to suppress this message
[Tue Feb 07 04:42:42.342584 2023] [mpm_prefork:notice] [pid 1] AH00163: Apache/2.4.54 (Debian) PHP/8.1.12 configured -- resuming normal operations
[Tue Feb 07 04:42:42.401707 2023] [core:notice] [pid 1] AH00094: Command line: 'apache2 -D FOREGROUND'
[Tue Feb 07 04:43:23.427897 2023] [mpm_prefork:notice] [pid 1] AH00170: caught SIGWINCH, shutting down gracefully
AH00558: apache2: Could not reliably determine the server's fully qualified domain name, using 172.19.0.4. Set the 'ServerName' directive globally to suppress this message
[Wed Feb 08 10:37:18.885772 2023] [mpm_prefork:notice] [pid 1] AH00163: Apache/2.4.54 (Debian) PHP/8.1.12 configured -- resuming normal operations
[Wed Feb 08 10:37:18.888411 2023] [core:notice] [pid 1] AH00094: Command line: 'apache2 -D FOREGROUND'
[Wed Feb 08 10:38:39.368387 2023] [mpm_prefork:notice] [pid 1] AH00170: caught SIGWINCH, shutting down gracefully
AH00558: apache2: Could not reliably determine the server's fully qualified domain name, using 172.19.0.4. Set the 'ServerName' directive globally to suppress this message
[Thu Feb 09 13:04:37.533261 2023] [mpm_prefork:notice] [pid 1] AH00163: Apache/2.4.54 (Debian) PHP/8.1.12 configured -- resuming normal operations
[Thu Feb 09 13:04:37.536433 2023] [core:notice] [pid 1] AH00094: Command line: 'apache2 -D FOREGROUND'
[Thu Feb 09 13:05:49.416628 2023] [mpm_prefork:notice] [pid 1] AH00170: caught SIGWINCH, shutting down gracefully
AH00558: apache2: Could not reliably determine the server's fully qualified domain name, using 172.19.0.4. Set the 'ServerName' directive globally to suppress this message
[Fri Feb 10 10:29:53.513053 2023] [mpm_prefork:notice] [pid 1] AH00163: Apache/2.4.54 (Debian) PHP/8.1.12 configured -- resuming normal operations
[Fri Feb 10 10:29:53.513719 2023] [core:notice] [pid 1] AH00094: Command line: 'apache2 -D FOREGROUND'
[Fri Feb 10 10:30:26.562985 2023] [mpm_prefork:notice] [pid 1] AH00170: caught SIGWINCH, shutting down gracefully
AH00558: apache2: Could not reliably determine the server's fully qualified domain name, using 172.19.0.4. Set the 'ServerName' directive globally to suppress this message
[Sat Feb 11 10:31:01.953233 2023] [mpm_prefork:notice] [pid 1] AH00163: Apache/2.4.54 (Debian) PHP/8.1.12 configured -- resuming normal operations
[Sat Feb 11 10:31:01.953399 2023] [core:notice] [pid 1] AH00094: Command line: 'apache2 -D FOREGROUND'
[Sat Feb 11 10:31:44.910078 2023] [mpm_prefork:notice] [pid 1] AH00170: caught SIGWINCH, shutting down gracefully
AH00558: apache2: Could not reliably determine the server's fully qualified domain name, using 172.19.0.4. Set the 'ServerName' directive globally to suppress this message
[Sun Feb 12 07:29:35.440968 2023] [mpm_prefork:notice] [pid 1] AH00163: Apache/2.4.54 (Debian) PHP/8.1.12 configured -- resuming normal operations
[Sun Feb 12 07:29:35.441115 2023] [core:notice] [pid 1] AH00094: Command line: 'apache2 -D FOREGROUND'
[Sun Feb 12 07:30:07.639300 2023] [mpm_prefork:notice] [pid 1] AH00169: caught SIGTERM, shutting down
AH00558: apache2: Could not reliably determine the server's fully qualified domain name, using 172.19.0.3. Set the 'ServerName' directive globally to suppress this message
[Sun Feb 12 07:30:31.188622 2023] [mpm_prefork:notice] [pid 1] AH00163: Apache/2.4.54 (Debian) PHP/8.1.12 configured -- resuming normal operations
[Sun Feb 12 07:30:31.193009 2023] [core:notice] [pid 1] AH00094: Command line: 'apache2 -D FOREGROUND'
[Sun Feb 12 07:31:15.742877 2023] [mpm_prefork:notice] [pid 1] AH00170: caught SIGWINCH, shutting down gracefully
AH00558: apache2: Could not reliably determine the server's fully qualified domain name, using 172.19.0.4. Set the 'ServerName' directive globally to suppress this message
[Tue Feb 14 12:33:45.016338 2023] [mpm_prefork:notice] [pid 1] AH00163: Apache/2.4.54 (Debian) PHP/8.1.12 configured -- resuming normal operations
[Tue Feb 14 12:33:45.018552 2023] [core:notice] [pid 1] AH00094: Command line: 'apache2 -D FOREGROUND'
[Tue Feb 14 12:34:22.245881 2023] [mpm_prefork:notice] [pid 1] AH00170: caught SIGWINCH, shutting down gracefully
AH00558: apache2: Could not reliably determine the server's fully qualified domain name, using 172.19.0.4. Set the 'ServerName' directive globally to suppress this message
[Wed Feb 15 07:25:02.297866 2023] [mpm_prefork:notice] [pid 1] AH00163: Apache/2.4.54 (Debian) PHP/8.1.12 configured -- resuming normal operations
[Wed Feb 15 07:25:02.315499 2023] [core:notice] [pid 1] AH00094: Command line: 'apache2 -D FOREGROUND'
[Wed Feb 15 07:25:39.569761 2023] [mpm_prefork:notice] [pid 1] AH00170: caught SIGWINCH, shutting down gracefully
AH00558: apache2: Could not reliably determine the server's fully qualified domain name, using 172.19.0.4. Set the 'ServerName' directive globally to suppress this message
[Thu Feb 16 06:25:19.176702 2023] [mpm_prefork:notice] [pid 1] AH00163: Apache/2.4.54 (Debian) PHP/8.1.12 configured -- resuming normal operations
[Thu Feb 16 06:25:19.179245 2023] [core:notice] [pid 1] AH00094: Command line: 'apache2 -D FOREGROUND'
[Thu Feb 16 06:26:34.030754 2023] [mpm_prefork:notice] [pid 1] AH00170: caught SIGWINCH, shutting down gracefully
AH00558: apache2: Could not reliably determine the server's fully qualified domain name, using 172.19.0.4. Set the 'ServerName' directive globally to suppress this message
[Fri Feb 17 10:30:09.761045 2023] [mpm_prefork:notice] [pid 1] AH00163: Apache/2.4.54 (Debian) PHP/8.1.12 configured -- resuming normal operations
[Fri Feb 17 10:30:09.761230 2023] [core:notice] [pid 1] AH00094: Command line: 'apache2 -D FOREGROUND'
[Fri Feb 17 10:30:32.674094 2023] [mpm_prefork:notice] [pid 1] AH00170: caught SIGWINCH, shutting down gracefully
AH00558: apache2: Could not reliably determine the server's fully qualified domain name, using 172.19.0.4. Set the 'ServerName' directive globally to suppress this message
[Sat Feb 18 10:18:16.315646 2023] [mpm_prefork:notice] [pid 1] AH00163: Apache/2.4.54 (Debian) PHP/8.1.12 configured -- resuming normal operations
[Sat Feb 18 10:18:16.315789 2023] [core:notice] [pid 1] AH00094: Command line: 'apache2 -D FOREGROUND'
[Sat Feb 18 12:36:03.777973 2023] [mpm_prefork:notice] [pid 1] AH00170: caught SIGWINCH, shutting down gracefully
AH00558: apache2: Could not reliably determine the server's fully qualified domain name, using 172.19.0.4. Set the 'ServerName' directive globally to suppress this message
[Thu Feb 23 12:07:12.968987 2023] [mpm_prefork:notice] [pid 1] AH00163: Apache/2.4.54 (Debian) PHP/8.1.12 configured -- resuming normal operations
[Thu Feb 23 12:07:12.970239 2023] [core:notice] [pid 1] AH00094: Command line: 'apache2 -D FOREGROUND'
[Thu Feb 23 12:07:36.905747 2023] [mpm_prefork:notice] [pid 1] AH00170: caught SIGWINCH, shutting down gracefully
AH00558: apache2: Could not reliably determine the server's fully qualified domain name, using 172.18.0.8. Set the 'ServerName' directive globally to suppress this message
[Tue Apr 25 07:26:34.568220 2023] [mpm_prefork:notice] [pid 1] AH00163: Apache/2.4.56 (Debian) PHP/8.1.18 configured -- resuming normal operations
[Tue Apr 25 07:26:34.569250 2023] [core:notice] [pid 1] AH00094: Command line: 'apache2 -D FOREGROUND'
[Tue Apr 25 07:26:45.775809 2023] [mpm_prefork:notice] [pid 1] AH00170: caught SIGWINCH, shutting down gracefully
AH00558: apache2: Could not reliably determine the server's fully qualified domain name, using 172.18.0.4. Set the 'ServerName' directive globally to suppress this message
[Tue Apr 25 07:27:26.312363 2023] [mpm_prefork:notice] [pid 1] AH00163: Apache/2.4.56 (Debian) PHP/8.1.18 configured -- resuming normal operations
[Tue Apr 25 07:27:26.313136 2023] [core:notice] [pid 1] AH00094: Command line: 'apache2 -D FOREGROUND'
AH00558: apache2: Could not reliably determine the server's fully qualified domain name, using 172.18.0.4. Set the 'ServerName' directive globally to suppress this message
[Wed Apr 26 06:53:42.868890 2023] [mpm_prefork:notice] [pid 1] AH00163: Apache/2.4.56 (Debian) PHP/8.1.18 configured -- resuming normal operations
[Wed Apr 26 06:53:42.872329 2023] [core:notice] [pid 1] AH00094: Command line: 'apache2 -D FOREGROUND'
AH00558: apache2: Could not reliably determine the server's fully qualified domain name, using 172.19.0.4. Set the 'ServerName' directive globally to suppress this message
[Wed Apr 26 10:43:18.997721 2023] [mpm_prefork:notice] [pid 1] AH00163: Apache/2.4.56 (Debian) PHP/8.1.18 configured -- resuming normal operations
[Wed Apr 26 10:43:18.997852 2023] [core:notice] [pid 1] AH00094: Command line: 'apache2 -D FOREGROUND'
[Thu Apr 27 12:20:16.133423 2023] [mpm_prefork:notice] [pid 1] AH00170: caught SIGWINCH, shutting down gracefully
AH00558: apache2: Could not reliably determine the server's fully qualified domain name, using 172.20.0.4. Set the 'ServerName' directive globally to suppress this message
[Thu Apr 27 12:21:42.888032 2023] [mpm_prefork:notice] [pid 1] AH00163: Apache/2.4.56 (Debian) PHP/8.1.18 configured -- resuming normal operations
[Thu Apr 27 12:21:42.888197 2023] [core:notice] [pid 1] AH00094: Command line: 'apache2 -D FOREGROUND'
[Thu Apr 27 12:29:25.437802 2023] [core:notice] [pid 1] AH00052: child pid 363 exit signal Interrupt (2)
[Thu Apr 27 12:53:59.827243 2023] [autoindex:error] [pid 762] [client 172.20.0.1:63480] AH01276: Cannot serve directory /var/www/html/public/storage/photos/1/: No matching DirectoryIndex (index.php,index.html) found, and server-generated directory index forbidden by Options directive
[Thu Apr 27 12:54:03.968363 2023] [autoindex:error] [pid 762] [client 172.20.0.1:63480] AH01276: Cannot serve directory /var/www/html/public/storage/photos/: No matching DirectoryIndex (index.php,index.html) found, and server-generated directory index forbidden by Options directive
[Thu Apr 27 12:54:07.863583 2023] [autoindex:error] [pid 762] [client 172.20.0.1:63480] AH01276: Cannot serve directory /var/www/html/public/storage/: No matching DirectoryIndex (index.php,index.html) found, and server-generated directory index forbidden by Options directive
AH00558: apache2: Could not reliably determine the server's fully qualified domain name, using 172.20.0.4. Set the 'ServerName' directive globally to suppress this message
[Fri Apr 28 07:00:04.845047 2023] [mpm_prefork:notice] [pid 1] AH00163: Apache/2.4.56 (Debian) PHP/8.1.18 configured -- resuming normal operations
[Fri Apr 28 07:00:04.845238 2023] [core:notice] [pid 1] AH00094: Command line: 'apache2 -D FOREGROUND'
[Fri Apr 28 11:55:56.835956 2023] [autoindex:error] [pid 46] [client 172.20.0.1:61758] AH01276: Cannot serve directory /var/www/html/public/storage/: No matching DirectoryIndex (index.php,index.html) found, and server-generated directory index forbidden by Options directive, referer: http://localhost:8090/admin/resources/posts/1
[Fri Apr 28 12:02:39.520101 2023] [autoindex:error] [pid 16] [client 172.20.0.1:62010] AH01276: Cannot serve directory /var/www/html/public/storage/: No matching DirectoryIndex (index.php,index.html) found, and server-generated directory index forbidden by Options directive, referer: http://localhost:8090/admin/resources/pages-categories/1
[Fri Apr 28 12:03:18.153729 2023] [autoindex:error] [pid 19] [client 172.20.0.1:62064] AH01276: Cannot serve directory /var/www/html/public/storage/: No matching DirectoryIndex (index.php,index.html) found, and server-generated directory index forbidden by Options directive, referer: http://localhost:8090/admin/resources/pages-categories/1
[Fri Apr 28 12:03:23.383677 2023] [autoindex:error] [pid 19] [client 172.20.0.1:62064] AH01276: Cannot serve directory /var/www/html/public/storage/: No matching DirectoryIndex (index.php,index.html) found, and server-generated directory index forbidden by Options directive, referer: http://localhost:8090/admin/resources/pages-categories
[Fri Apr 28 15:11:38.500451 2023] [mpm_prefork:notice] [pid 1] AH00169: caught SIGTERM, shutting down
AH00558: apache2: Could not reliably determine the server's fully qualified domain name, using 172.20.0.4. Set the 'ServerName' directive globally to suppress this message
[Sat Apr 29 06:14:09.267558 2023] [mpm_prefork:notice] [pid 1] AH00163: Apache/2.4.56 (Debian) PHP/8.1.18 configured -- resuming normal operations
[Sat Apr 29 06:14:09.267842 2023] [core:notice] [pid 1] AH00094: Command line: 'apache2 -D FOREGROUND'
[Sat Apr 29 14:58:25.053113 2023] [autoindex:error] [pid 19] [client 172.20.0.1:60360] AH01276: Cannot serve directory /var/www/html/public/storage/: No matching DirectoryIndex (index.php,index.html) found, and server-generated directory index forbidden by Options directive, referer: http://localhost:8090/admin/resources/posts-categories
[Sun Apr 30 10:09:10.885030 2023] [autoindex:error] [pid 340] [client 172.20.0.1:63682] AH01276: Cannot serve directory /var/www/html/public/storage/: No matching DirectoryIndex (index.php,index.html) found, and server-generated directory index forbidden by Options directive, referer: http://localhost:8090/admin/resources/pages-categories/1
AH00558: apache2: Could not reliably determine the server's fully qualified domain name, using 172.18.0.4. Set the 'ServerName' directive globally to suppress this message
[Sun Apr 30 10:52:29.650026 2023] [mpm_prefork:notice] [pid 1] AH00163: Apache/2.4.56 (Debian) PHP/8.1.18 configured -- resuming normal operations
[Sun Apr 30 10:52:29.650195 2023] [core:notice] [pid 1] AH00094: Command line: 'apache2 -D FOREGROUND'
AH00558: apache2: Could not reliably determine the server's fully qualified domain name, using 172.18.0.4. Set the 'ServerName' directive globally to suppress this message
[Wed May 03 09:24:36.695705 2023] [mpm_prefork:notice] [pid 1] AH00163: Apache/2.4.56 (Debian) PHP/8.1.18 configured -- resuming normal operations
[Wed May 03 09:24:36.696071 2023] [core:notice] [pid 1] AH00094: Command line: 'apache2 -D FOREGROUND'
[Wed May 03 10:19:33.077706 2023] [mpm_prefork:notice] [pid 1] AH00170: caught SIGWINCH, shutting down gracefully
AH00558: apache2: Could not reliably determine the server's fully qualified domain name, using 172.18.0.4. Set the 'ServerName' directive globally to suppress this message
[Wed May 03 10:42:50.572629 2023] [mpm_prefork:notice] [pid 1] AH00163: Apache/2.4.56 (Debian) PHP/8.1.18 configured -- resuming normal operations
[Wed May 03 10:42:50.572793 2023] [core:notice] [pid 1] AH00094: Command line: 'apache2 -D FOREGROUND'
[Wed May 03 12:12:01.832181 2023] [mpm_prefork:notice] [pid 1] AH00170: caught SIGWINCH, shutting down gracefully
AH00558: apache2: Could not reliably determine the server's fully qualified domain name, using 172.18.0.4. Set the 'ServerName' directive globally to suppress this message
[Wed May 03 13:26:55.050098 2023] [mpm_prefork:notice] [pid 1] AH00163: Apache/2.4.56 (Debian) PHP/8.1.18 configured -- resuming normal operations
[Wed May 03 13:26:55.050275 2023] [core:notice] [pid 1] AH00094: Command line: 'apache2 -D FOREGROUND'
[Wed May 03 13:33:15.561267 2023] [mpm_prefork:notice] [pid 1] AH00170: caught SIGWINCH, shutting down gracefully
AH00558: apache2: Could not reliably determine the server's fully qualified domain name, using 172.18.0.4. Set the 'ServerName' directive globally to suppress this message
[Thu May 04 05:11:51.859872 2023] [mpm_prefork:notice] [pid 1] AH00163: Apache/2.4.56 (Debian) PHP/8.1.18 configured -- resuming normal operations
[Thu May 04 05:11:51.863526 2023] [core:notice] [pid 1] AH00094: Command line: 'apache2 -D FOREGROUND'
[Thu May 04 05:12:37.547295 2023] [mpm_prefork:notice] [pid 1] AH00170: caught SIGWINCH, shutting down gracefully
AH00558: apache2: Could not reliably determine the server's fully qualified domain name, using 172.18.0.4. Set the 'ServerName' directive globally to suppress this message
[Thu May 04 14:41:23.007230 2023] [mpm_prefork:notice] [pid 1] AH00163: Apache/2.4.56 (Debian) PHP/8.1.18 configured -- resuming normal operations
[Thu May 04 14:41:23.007410 2023] [core:notice] [pid 1] AH00094: Command line: 'apache2 -D FOREGROUND'
[Fri May 05 06:02:27.298835 2023] [mpm_prefork:notice] [pid 1] AH00170: caught SIGWINCH, shutting down gracefully
AH00558: apache2: Could not reliably determine the server's fully qualified domain name, using 172.18.0.4. Set the 'ServerName' directive globally to suppress this message
[Fri May 05 13:40:30.293719 2023] [mpm_prefork:notice] [pid 1] AH00163: Apache/2.4.56 (Debian) PHP/8.1.18 configured -- resuming normal operations
[Fri May 05 13:40:30.294061 2023] [core:notice] [pid 1] AH00094: Command line: 'apache2 -D FOREGROUND'
[Fri May 05 13:45:42.868323 2023] [mpm_prefork:notice] [pid 1] AH00170: caught SIGWINCH, shutting down gracefully
AH00558: apache2: Could not reliably determine the server's fully qualified domain name, using 172.18.0.4. Set the 'ServerName' directive globally to suppress this message
[Sun May 07 10:01:33.822799 2023] [mpm_prefork:notice] [pid 1] AH00163: Apache/2.4.56 (Debian) PHP/8.1.18 configured -- resuming normal operations
[Sun May 07 10:01:33.823420 2023] [core:notice] [pid 1] AH00094: Command line: 'apache2 -D FOREGROUND'
[Sun May 07 10:09:41.594692 2023] [mpm_prefork:notice] [pid 1] AH00170: caught SIGWINCH, shutting down gracefully
AH00558: apache2: Could not reliably determine the server's fully qualified domain name, using 172.18.0.2. Set the 'ServerName' directive globally to suppress this message
[Sun May 07 12:19:52.285876 2023] [mpm_prefork:notice] [pid 1] AH00163: Apache/2.4.56 (Debian) PHP/8.1.18 configured -- resuming normal operations
[Sun May 07 12:19:52.286871 2023] [core:notice] [pid 1] AH00094: Command line: 'apache2 -D FOREGROUND'
[Sun May 07 12:20:42.154582 2023] [mpm_prefork:notice] [pid 1] AH00170: caught SIGWINCH, shutting down gracefully
AH00558: apache2: Could not reliably determine the server's fully qualified domain name, using 172.18.0.4. Set the 'ServerName' directive globally to suppress this message
[Sun May 07 13:55:59.836830 2023] [mpm_prefork:notice] [pid 1] AH00163: Apache/2.4.56 (Debian) PHP/8.1.18 configured -- resuming normal operations
[Sun May 07 13:55:59.836996 2023] [core:notice] [pid 1] AH00094: Command line: 'apache2 -D FOREGROUND'
[Sun May 07 14:40:18.923777 2023] [mpm_prefork:notice] [pid 1] AH00170: caught SIGWINCH, shutting down gracefully
AH00558: apache2: Could not reliably determine the server's fully qualified domain name, using 172.18.0.3. Set the 'ServerName' directive globally to suppress this message
[Mon May 08 09:35:13.893458 2023] [mpm_prefork:notice] [pid 1] AH00163: Apache/2.4.56 (Debian) PHP/8.1.18 configured -- resuming normal operations
[Mon May 08 09:35:13.893677 2023] [core:notice] [pid 1] AH00094: Command line: 'apache2 -D FOREGROUND'
[Mon May 08 09:59:30.809972 2023] [autoindex:error] [pid 22] [client 172.18.0.1:59086] AH01276: Cannot serve directory /var/www/html/public/storage/: No matching DirectoryIndex (index.php,index.html) found, and server-generated directory index forbidden by Options directive, referer: http://localhost:8090/
[Mon May 08 10:53:29.269236 2023] [autoindex:error] [pid 19] [client 172.18.0.1:60800] AH01276: Cannot serve directory /var/www/html/public/storage/: No matching DirectoryIndex (index.php,index.html) found, and server-generated directory index forbidden by Options directive, referer: http://localhost:8090/
[Mon May 08 10:53:58.322829 2023] [autoindex:error] [pid 31] [client 172.18.0.1:60864] AH01276: Cannot serve directory /var/www/html/public/storage/: No matching DirectoryIndex (index.php,index.html) found, and server-generated directory index forbidden by Options directive, referer: http://localhost:8090/
[Mon May 08 11:32:02.056217 2023] [autoindex:error] [pid 61] [client 172.18.0.1:60996] AH01276: Cannot serve directory /var/www/html/public/storage/: No matching DirectoryIndex (index.php,index.html) found, and server-generated directory index forbidden by Options directive, referer: http://localhost:8090/
[Mon May 08 11:39:08.808093 2023] [autoindex:error] [pid 61] [client 172.18.0.1:61178] AH01276: Cannot serve directory /var/www/html/public/storage/: No matching DirectoryIndex (index.php,index.html) found, and server-generated directory index forbidden by Options directive, referer: http://localhost:8090/
[Mon May 08 12:19:40.378402 2023] [autoindex:error] [pid 84] [client 172.18.0.1:61878] AH01276: Cannot serve directory /var/www/html/public/storage/: No matching DirectoryIndex (index.php,index.html) found, and server-generated directory index forbidden by Options directive, referer: http://localhost:8090/
[Mon May 08 12:20:30.664403 2023] [autoindex:error] [pid 17] [client 172.18.0.1:61960] AH01276: Cannot serve directory /var/www/html/public/storage/: No matching DirectoryIndex (index.php,index.html) found, and server-generated directory index forbidden by Options directive, referer: http://localhost:8090/
[Mon May 08 12:20:41.673829 2023] [autoindex:error] [pid 19] [client 172.18.0.1:62004] AH01276: Cannot serve directory /var/www/html/public/storage/: No matching DirectoryIndex (index.php,index.html) found, and server-generated directory index forbidden by Options directive, referer: http://localhost:8090/
AH00558: apache2: Could not reliably determine the server's fully qualified domain name, using 172.18.0.2. Set the 'ServerName' directive globally to suppress this message
[Wed May 10 06:30:56.841443 2023] [mpm_prefork:notice] [pid 1] AH00163: Apache/2.4.56 (Debian) PHP/8.1.18 configured -- resuming normal operations
[Wed May 10 06:30:56.861250 2023] [core:notice] [pid 1] AH00094: Command line: 'apache2 -D FOREGROUND'
AH00558: apache2: Could not reliably determine the server's fully qualified domain name, using 172.18.0.3. Set the 'ServerName' directive globally to suppress this message
[Fri May 12 06:16:36.093384 2023] [mpm_prefork:notice] [pid 1] AH00163: Apache/2.4.56 (Debian) PHP/8.1.18 configured -- resuming normal operations
[Fri May 12 06:16:36.094195 2023] [core:notice] [pid 1] AH00094: Command line: 'apache2 -D FOREGROUND'
[Sat May 13 14:22:24.659870 2023] [autoindex:error] [pid 27] [client 172.18.0.1:57874] AH01276: Cannot serve directory /var/www/html/public/storage/: No matching DirectoryIndex (index.php,index.html) found, and server-generated directory index forbidden by Options directive, referer: http://localhost:8090/
[Sat May 13 14:22:27.756044 2023] [autoindex:error] [pid 27] [client 172.18.0.1:57874] AH01276: Cannot serve directory /var/www/html/public/storage/: No matching DirectoryIndex (index.php,index.html) found, and server-generated directory index forbidden by Options directive, referer: http://localhost:8090/
[Sat May 13 14:53:55.047156 2023] [autoindex:error] [pid 27] [client 172.18.0.1:58520] AH01276: Cannot serve directory /var/www/html/public/storage/: No matching DirectoryIndex (index.php,index.html) found, and server-generated directory index forbidden by Options directive, referer: http://localhost:8090/
[Sat May 13 14:54:16.122786 2023] [autoindex:error] [pid 27] [client 172.18.0.1:58580] AH01276: Cannot serve directory /var/www/html/public/storage/: No matching DirectoryIndex (index.php,index.html) found, and server-generated directory index forbidden by Options directive, referer: http://localhost:8090/
[Sat May 13 14:54:26.518234 2023] [autoindex:error] [pid 19] [client 172.18.0.1:58614] AH01276: Cannot serve directory /var/www/html/public/storage/: No matching DirectoryIndex (index.php,index.html) found, and server-generated directory index forbidden by Options directive, referer: http://localhost:8090/
[Sat May 13 14:54:29.884863 2023] [autoindex:error] [pid 19] [client 172.18.0.1:58614] AH01276: Cannot serve directory /var/www/html/public/storage/: No matching DirectoryIndex (index.php,index.html) found, and server-generated directory index forbidden by Options directive, referer: http://localhost:8090/
[Sat May 13 15:40:18.026876 2023] [autoindex:error] [pid 20] [client 172.18.0.1:59178] AH01276: Cannot serve directory /var/www/html/public/storage/: No matching DirectoryIndex (index.php,index.html) found, and server-generated directory index forbidden by Options directive, referer: http://localhost:8090/
[Sat May 13 15:40:46.987560 2023] [autoindex:error] [pid 27] [client 172.18.0.1:59230] AH01276: Cannot serve directory /var/www/html/public/storage/: No matching DirectoryIndex (index.php,index.html) found, and server-generated directory index forbidden by Options directive, referer: http://localhost:8090/
[Sat May 13 15:40:51.131373 2023] [autoindex:error] [pid 27] [client 172.18.0.1:59230] AH01276: Cannot serve directory /var/www/html/public/storage/: No matching DirectoryIndex (index.php,index.html) found, and server-generated directory index forbidden by Options directive, referer: http://localhost:8090/
[Sat May 13 15:46:45.201182 2023] [autoindex:error] [pid 26] [client 172.18.0.1:59416] AH01276: Cannot serve directory /var/www/html/public/storage/: No matching DirectoryIndex (index.php,index.html) found, and server-generated directory index forbidden by Options directive, referer: http://localhost:8090/
[Sun May 14 07:24:25.055033 2023] [autoindex:error] [pid 19] [client 172.18.0.1:59804] AH01276: Cannot serve directory /var/www/html/public/storage/: No matching DirectoryIndex (index.php,index.html) found, and server-generated directory index forbidden by Options directive, referer: http://localhost:8090/
[Sun May 14 07:31:51.389004 2023] [autoindex:error] [pid 19] [client 172.18.0.1:59902] AH01276: Cannot serve directory /var/www/html/public/storage/: No matching DirectoryIndex (index.php,index.html) found, and server-generated directory index forbidden by Options directive, referer: http://localhost:8090/
[Sun May 14 10:07:25.480110 2023] [autoindex:error] [pid 18] [client 172.18.0.1:60412] AH01276: Cannot serve directory /var/www/html/public/storage/: No matching DirectoryIndex (index.php,index.html) found, and server-generated directory index forbidden by Options directive, referer: http://localhost:8090/
[Sun May 14 10:08:13.268532 2023] [autoindex:error] [pid 26] [client 172.18.0.1:60450] AH01276: Cannot serve directory /var/www/html/public/storage/: No matching DirectoryIndex (index.php,index.html) found, and server-generated directory index forbidden by Options directive, referer: http://localhost:8090/
